<?xml version="1.0" encoding="UTF-8"?>
<testng-results ignored="0" total="1" passed="1" failed="0" skipped="0">
  <reporter-output>
  </reporter-output>
  <suite started-at="2023-07-02T17:29:09 IST" name="Default suite" finished-at="2023-07-02T17:29:17 IST" duration-ms="8293">
    <groups>
    </groups>
    <test started-at="2023-07-02T17:29:09 IST" name="Default test" finished-at="2023-07-02T17:29:17 IST" duration-ms="8293">
      <class name="Test.Demoqa">
        <test-method is-config="true" signature="setup()[pri:0, instance:Test.Demoqa@57a78e3]" started-at="2023-07-02T17:29:09 IST" name="setup" finished-at="2023-07-02T17:29:17 IST" duration-ms="8206" status="PASS">
          <reporter-output>
          </reporter-output>
        </test-method> <!-- setup -->
        <test-method signature="Homepagetest()[pri:0, instance:Test.Demoqa@57a78e3]" started-at="2023-07-02T17:29:17 IST" name="Homepagetest" finished-at="2023-07-02T17:29:17 IST" duration-ms="55" status="PASS">
          <reporter-output>
          </reporter-output>
        </test-method> <!-- Homepagetest -->
      </class> <!-- Test.Demoqa -->
    </test> <!-- Default test -->
  </suite> <!-- Default suite -->
</testng-results>
